<?xml version="1.0" encoding="UTF-8" ?>
<testsuite tests="2" failures="0" name="com.wakaleo.gameoflife.webtests.controllers.WhenSpawningANewGeneration" time="0.037" errors="0" skipped="0">
  <properties>
    <property name="java.runtime.name" value="Java(TM) SE Runtime Environment"/>
    <property name="sun.boot.library.path" value="/var/jenkins_home/tools/hudson.model.JDK/JDK_8u181/jre/lib/amd64"/>
    <property name="java.vm.version" value="25.181-b13"/>
    <property name="java.vm.vendor" value="Oracle Corporation"/>
    <property name="maven.multiModuleProjectDirectory" value="/var/jenkins_home/workspace/GOL Example"/>
    <property name="java.vendor.url" value="http://java.oracle.com/"/>
    <property name="path.separator" value=":"/>
    <property name="guice.disable.misplaced.annotation.check" value="true"/>
    <property name="java.vm.name" value="Java HotSpot(TM) 64-Bit Server VM"/>
    <property name="file.encoding.pkg" value="sun.io"/>
    <property name="sun.java.launcher" value="SUN_STANDARD"/>
    <property name="sun.os.patch.level" value="unknown"/>
    <property name="java.vm.specification.name" value="Java Virtual Machine Specification"/>
    <property name="user.dir" value="/var/jenkins_home/workspace/GOL Example"/>
    <property name="java.runtime.version" value="1.8.0_181-b13"/>
    <property name="java.awt.graphicsenv" value="sun.awt.X11GraphicsEnvironment"/>
    <property name="java.endorsed.dirs" value="/var/jenkins_home/tools/hudson.model.JDK/JDK_8u181/jre/lib/endorsed"/>
    <property name="os.arch" value="amd64"/>
    <property name="java.io.tmpdir" value="/tmp"/>
    <property name="line.separator" value="
"/>
    <property name="java.vm.specification.vendor" value="Oracle Corporation"/>
    <property name="os.name" value="Linux"/>
    <property name="classworlds.conf" value="/var/jenkins_home/tools/hudson.tasks.Maven_MavenInstallation/maven_3.5.4/bin/m2.conf"/>
    <property name="sun.jnu.encoding" value="UTF-8"/>
    <property name="java.library.path" value="/usr/java/packages/lib/amd64:/usr/lib64:/lib64:/lib:/usr/lib"/>
    <property name="maven.conf" value="/var/jenkins_home/tools/hudson.tasks.Maven_MavenInstallation/maven_3.5.4/conf"/>
    <property name="java.specification.name" value="Java Platform API Specification"/>
    <property name="java.class.version" value="52.0"/>
    <property name="sun.management.compiler" value="HotSpot 64-Bit Tiered Compilers"/>
    <property name="os.version" value="3.10.0-862.6.3.el7.x86_64"/>
    <property name="library.jansi.path" value="/var/jenkins_home/tools/hudson.tasks.Maven_MavenInstallation/maven_3.5.4/lib/jansi-native"/>
    <property name="user.home" value="/var/jenkins_home"/>
    <property name="user.timezone" value="America/New_York"/>
    <property name="java.awt.printerjob" value="sun.print.PSPrinterJob"/>
    <property name="java.specification.version" value="1.8"/>
    <property name="file.encoding" value="UTF-8"/>
    <property name="user.name" value="jenkins"/>
    <property name="java.class.path" value="/var/jenkins_home/tools/hudson.tasks.Maven_MavenInstallation/maven_3.5.4/boot/plexus-classworlds-2.5.2.jar"/>
    <property name="java.vm.specification.version" value="1.8"/>
    <property name="sun.arch.data.model" value="64"/>
    <property name="java.home" value="/var/jenkins_home/tools/hudson.model.JDK/JDK_8u181/jre"/>
    <property name="sun.java.command" value="org.codehaus.plexus.classworlds.launcher.Launcher clean install"/>
    <property name="java.specification.vendor" value="Oracle Corporation"/>
    <property name="user.language" value="en"/>
    <property name="awt.toolkit" value="sun.awt.X11.XToolkit"/>
    <property name="java.vm.info" value="mixed mode"/>
    <property name="java.version" value="1.8.0_181"/>
    <property name="java.ext.dirs" value="/var/jenkins_home/tools/hudson.model.JDK/JDK_8u181/jre/lib/ext:/usr/java/packages/lib/ext"/>
    <property name="securerandom.source" value="file:/dev/./urandom"/>
    <property name="sun.boot.class.path" value="/var/jenkins_home/tools/hudson.model.JDK/JDK_8u181/jre/lib/resources.jar:/var/jenkins_home/tools/hudson.model.JDK/JDK_8u181/jre/lib/rt.jar:/var/jenkins_home/tools/hudson.model.JDK/JDK_8u181/jre/lib/sunrsasign.jar:/var/jenkins_home/tools/hudson.model.JDK/JDK_8u181/jre/lib/jsse.jar:/var/jenkins_home/tools/hudson.model.JDK/JDK_8u181/jre/lib/jce.jar:/var/jenkins_home/tools/hudson.model.JDK/JDK_8u181/jre/lib/charsets.jar:/var/jenkins_home/tools/hudson.model.JDK/JDK_8u181/jre/lib/jfr.jar:/var/jenkins_home/tools/hudson.model.JDK/JDK_8u181/jre/classes"/>
    <property name="java.vendor" value="Oracle Corporation"/>
    <property name="maven.home" value="/var/jenkins_home/tools/hudson.tasks.Maven_MavenInstallation/maven_3.5.4"/>
    <property name="file.separator" value="/"/>
    <property name="java.vendor.url.bug" value="http://bugreport.sun.com/bugreport/"/>
    <property name="sun.cpu.endian" value="little"/>
    <property name="sun.io.unicode.encoding" value="UnicodeLittle"/>
    <property name="sun.cpu.isalist" value=""/>
  </properties>
  <testcase classname="com.wakaleo.gameoflife.webtests.controllers.WhenSpawningANewGeneration" name="theIndexUrlShouldDisplayTheHomePage" time="0.002"/>
  <testcase classname="com.wakaleo.gameoflife.webtests.controllers.WhenSpawningANewGeneration" name="whenGeneratingTheNextGenerationAnUpdatedUniverseShouldBeProduced" time="0.035"/>
</testsuite>